# JRE version: Java(TM) SE Runtime Environment (8.0_171-b11) (build 1.8.0_171-b11)
# Java VM: Java HotSpot(TM) 64-Bit Server VM (25.171-b11 mixed mode windows-amd64 compressed oops)
Heap:
 PSYoungGen      total 111104K, used 20690K [0x00000000eab00000, 0x00000000f3880000, 0x0000000100000000)
  eden space 104960K, 13% used [0x00000000eab00000,0x00000000eb9477b0,0x00000000f1180000)
  from space 6144K, 98% used [0x00000000f3280000,0x00000000f386d198,0x00000000f3880000)
  to   space 8704K, 0% used [0x00000000f2780000,0x00000000f2780000,0x00000000f3000000)
 ParOldGen       total 38912K, used 10742K [0x00000000c0000000, 0x00000000c2600000, 0x00000000eab00000)
  object space 38912K, 27% used [0x00000000c0000000,0x00000000c0a7dbe0,0x00000000c2600000)
 Metaspace       used 26398K, capacity 26798K, committed 27136K, reserved 1073152K
  class space    used 3688K, capacity 3833K, committed 3840K, reserved 1048576K
GC Heap History (10 events):
Event: 2.852 GC heap before
{Heap before GC invocations=5 (full 0):
 PSYoungGen      total 35328K, used 35136K [0x00000000eab00000, 0x00000000ed000000, 0x0000000100000000)
  eden space 32768K, 99% used [0x00000000eab00000,0x00000000ecad4000,0x00000000ecb00000)
  from space 2560K, 99% used [0x00000000ecd80000,0x00000000ecffc030,0x00000000ed000000)
  to   space 2560K, 0% used [0x00000000ecb00000,0x00000000ecb00000,0x00000000ecd80000)
 ParOldGen       total 44032K, used 4485K [0x00000000c0000000, 0x00000000c2b00000, 0x00000000eab00000)
  object space 44032K, 10% used [0x00000000c0000000,0x00000000c0461400,0x00000000c2b00000)
 Metaspace       used 16607K, capacity 16876K, committed 17024K, reserved 1064960K
  class space    used 2292K, capacity 2384K, committed 2432K, reserved 1048576K
Event: 2.878 GC heap after
Heap after GC invocations=5 (full 0):
 PSYoungGen      total 35328K, used 2544K [0x00000000eab00000, 0x00000000efb00000, 0x0000000100000000)
  eden space 32768K, 0% used [0x00000000eab00000,0x00000000eab00000,0x00000000ecb00000)
  from space 2560K, 99% used [0x00000000ecb00000,0x00000000ecd7c010,0x00000000ecd80000)
  to   space 8192K, 0% used [0x00000000ef300000,0x00000000ef300000,0x00000000efb00000)
 ParOldGen       total 44032K, used 10374K [0x00000000c0000000, 0x00000000c2b00000, 0x00000000eab00000)
  object space 44032K, 23% used [0x00000000c0000000,0x00000000c0a21818,0x00000000c2b00000)
 Metaspace       used 16607K, capacity 16876K, committed 17024K, reserved 1064960K
  class space    used 2292K, capacity 2384K, committed 2432K, reserved 1048576K
}
Event: 3.749 GC heap before
{Heap before GC invocations=6 (full 0):
 PSYoungGen      total 35328K, used 35312K [0x00000000eab00000, 0x00000000efb00000, 0x0000000100000000)
  eden space 32768K, 100% used [0x00000000eab00000,0x00000000ecb00000,0x00000000ecb00000)
  from space 2560K, 99% used [0x00000000ecb00000,0x00000000ecd7c010,0x00000000ecd80000)
  to   space 8192K, 0% used [0x00000000ef300000,0x00000000ef300000,0x00000000efb00000)
 ParOldGen       total 44032K, used 10374K [0x00000000c0000000, 0x00000000c2b00000, 0x00000000eab00000)
  object space 44032K, 23% used [0x00000000c0000000,0x00000000c0a21818,0x00000000c2b00000)
 Metaspace       used 20223K, capacity 20560K, committed 20864K, reserved 1067008K
  class space    used 2801K, capacity 2907K, committed 2944K, reserved 1048576K
Event: 3.774 GC heap after
Heap after GC invocations=6 (full 0):
 PSYoungGen      total 73216K, used 6613K [0x00000000eab00000, 0x00000000efc00000, 0x0000000100000000)
  eden space 65024K, 0% used [0x00000000eab00000,0x00000000eab00000,0x00000000eea80000)
  from space 8192K, 80% used [0x00000000ef300000,0x00000000ef975618,0x00000000efb00000)
  to   space 8704K, 0% used [0x00000000eea80000,0x00000000eea80000,0x00000000ef300000)
 ParOldGen       total 44032K, used 10382K [0x00000000c0000000, 0x00000000c2b00000, 0x00000000eab00000)
  object space 44032K, 23% used [0x00000000c0000000,0x00000000c0a23818,0x00000000c2b00000)
 Metaspace       used 20223K, capacity 20560K, committed 20864K, reserved 1067008K
  class space    used 2801K, capacity 2907K, committed 2944K, reserved 1048576K
}
Event: 4.070 GC heap before
{Heap before GC invocations=7 (full 0):
 PSYoungGen      total 73216K, used 14340K [0x00000000eab00000, 0x00000000efc00000, 0x0000000100000000)
  eden space 65024K, 11% used [0x00000000eab00000,0x00000000eb28bb30,0x00000000eea80000)
  from space 8192K, 80% used [0x00000000ef300000,0x00000000ef975618,0x00000000efb00000)
  to   space 8704K, 0% used [0x00000000eea80000,0x00000000eea80000,0x00000000ef300000)
 ParOldGen       total 44032K, used 10382K [0x00000000c0000000, 0x00000000c2b00000, 0x00000000eab00000)
  object space 44032K, 23% used [0x00000000c0000000,0x00000000c0a23818,0x00000000c2b00000)
 Metaspace       used 20872K, capacity 21104K, committed 21248K, reserved 1067008K
  class space    used 2890K, capacity 3003K, committed 3072K, reserved 1048576K
Event: 4.084 GC heap after
Heap after GC invocations=7 (full 0):
 PSYoungGen      total 73728K, used 4131K [0x00000000eab00000, 0x00000000f3b00000, 0x0000000100000000)
  eden space 65024K, 0% used [0x00000000eab00000,0x00000000eab00000,0x00000000eea80000)
  from space 8704K, 47% used [0x00000000eea80000,0x00000000eee88ef8,0x00000000ef300000)
  to   space 8704K, 0% used [0x00000000f3280000,0x00000000f3280000,0x00000000f3b00000)
 ParOldGen       total 44032K, used 10854K [0x00000000c0000000, 0x00000000c2b00000, 0x00000000eab00000)
  object space 44032K, 24% used [0x00000000c0000000,0x00000000c0a99898,0x00000000c2b00000)
 Metaspace       used 20872K, capacity 21104K, committed 21248K, reserved 1067008K
  class space    used 2890K, capacity 3003K, committed 3072K, reserved 1048576K
}
Event: 4.084 GC heap before
{Heap before GC invocations=8 (full 1):
 PSYoungGen      total 73728K, used 4131K [0x00000000eab00000, 0x00000000f3b00000, 0x0000000100000000)
  eden space 65024K, 0% used [0x00000000eab00000,0x00000000eab00000,0x00000000eea80000)
  from space 8704K, 47% used [0x00000000eea80000,0x00000000eee88ef8,0x00000000ef300000)
  to   space 8704K, 0% used [0x00000000f3280000,0x00000000f3280000,0x00000000f3b00000)
 ParOldGen       total 44032K, used 10854K [0x00000000c0000000, 0x00000000c2b00000, 0x00000000eab00000)
  object space 44032K, 24% used [0x00000000c0000000,0x00000000c0a99898,0x00000000c2b00000)
 Metaspace       used 20872K, capacity 21104K, committed 21248K, reserved 1067008K
  class space    used 2890K, capacity 3003K, committed 3072K, reserved 1048576K
Event: 4.148 GC heap after
Heap after GC invocations=8 (full 1):
 PSYoungGen      total 73728K, used 0K [0x00000000eab00000, 0x00000000f3b00000, 0x0000000100000000)
  eden space 65024K, 0% used [0x00000000eab00000,0x00000000eab00000,0x00000000eea80000)
  from space 8704K, 0% used [0x00000000eea80000,0x00000000eea80000,0x00000000ef300000)
  to   space 8704K, 0% used [0x00000000f3280000,0x00000000f3280000,0x00000000f3b00000)
 ParOldGen       total 38912K, used 10734K [0x00000000c0000000, 0x00000000c2600000, 0x00000000eab00000)
  object space 38912K, 27% used [0x00000000c0000000,0x00000000c0a7bbe0,0x00000000c2600000)
 Metaspace       used 20872K, capacity 21104K, committed 21248K, reserved 1067008K
  class space    used 2890K, capacity 3003K, committed 3072K, reserved 1048576K
}
Event: 5.802 GC heap before
{Heap before GC invocations=9 (full 1):
 PSYoungGen      total 73728K, used 65024K [0x00000000eab00000, 0x00000000f3b00000, 0x0000000100000000)
  eden space 65024K, 100% used [0x00000000eab00000,0x00000000eea80000,0x00000000eea80000)
  from space 8704K, 0% used [0x00000000eea80000,0x00000000eea80000,0x00000000ef300000)
  to   space 8704K, 0% used [0x00000000f3280000,0x00000000f3280000,0x00000000f3b00000)
 ParOldGen       total 38912K, used 10734K [0x00000000c0000000, 0x00000000c2600000, 0x00000000eab00000)
  object space 38912K, 27% used [0x00000000c0000000,0x00000000c0a7bbe0,0x00000000c2600000)
 Metaspace       used 26021K, capacity 26440K, committed 26880K, reserved 1073152K
  class space    used 3651K, capacity 3800K, committed 3840K, reserved 1048576K
Event: 5.818 GC heap after
Heap after GC invocations=9 (full 1):
 PSYoungGen      total 111104K, used 6068K [0x00000000eab00000, 0x00000000f3880000, 0x0000000100000000)
  eden space 104960K, 0% used [0x00000000eab00000,0x00000000eab00000,0x00000000f1180000)
  from space 6144K, 98% used [0x00000000f3280000,0x00000000f386d198,0x00000000f3880000)
  to   space 8704K, 0% used [0x00000000f2780000,0x00000000f2780000,0x00000000f3000000)
 ParOldGen       total 38912K, used 10742K [0x00000000c0000000, 0x00000000c2600000, 0x00000000eab00000)
  object space 38912K, 27% used [0x00000000c0000000,0x00000000c0a7dbe0,0x00000000c2600000)
 Metaspace       used 26021K, capacity 26440K, committed 26880K, reserved 1073152K
  class space    used 3651K, capacity 3800K, committed 3840K, reserved 1048576K
}

